Unity Editor version:    2021.3.13f1 (9e7d58001ecf)
Branch:                  2021.3/staging
Build type:              Release
Batch mode:              YES
macOS version:           Version 13.4.1 (c) (Build 22F770820d)
Darwin version:          22.5.0
Architecture:            x86_64
Running under Rosetta:   NO
Available memory:        16384 MB
Using pre-set license
Pro License: YES

COMMAND LINE ARGUMENTS:
/Applications/Unity/Hub/Editor/2021.3.13f1/Unity.app/Contents/MacOS/Unity
-adb2
-batchMode
-noUpm
-name
AssetImportWorker1
-projectPath
/Users/fatmaerdogan/Meal-Mayhem/Meal-Mayhem
-logFile
Logs/AssetImportWorker1.log
-srvPort
51028
Successfully changed project path to: /Users/fatmaerdogan/Meal-Mayhem/Meal-Mayhem
/Users/fatmaerdogan/Meal-Mayhem/Meal-Mayhem
[UnityMemory] Configuration Parameters - Can be set up in boot.config
    "memorysetup-bucket-allocator-granularity=16"
    "memorysetup-bucket-allocator-bucket-count=8"
    "memorysetup-bucket-allocator-block-size=33554432"
    "memorysetup-bucket-allocator-block-count=8"
    "memorysetup-main-allocator-block-size=16777216"
    "memorysetup-thread-allocator-block-size=16777216"
    "memorysetup-gfx-main-allocator-block-size=16777216"
    "memorysetup-gfx-thread-allocator-block-size=16777216"
    "memorysetup-cache-allocator-block-size=4194304"
    "memorysetup-typetree-allocator-block-size=2097152"
    "memorysetup-profiler-bucket-allocator-granularity=16"
    "memorysetup-profiler-bucket-allocator-bucket-count=8"
    "memorysetup-profiler-bucket-allocator-block-size=33554432"
    "memorysetup-profiler-bucket-allocator-block-count=8"
    "memorysetup-profiler-allocator-block-size=16777216"
    "memorysetup-profiler-editor-allocator-block-size=1048576"
    "memorysetup-temp-allocator-size-main=16777216"
    "memorysetup-job-temp-allocator-block-size=2097152"
    "memorysetup-job-temp-allocator-block-size-background=1048576"
    "memorysetup-job-temp-allocator-reduction-small-platforms=262144"
    "memorysetup-temp-allocator-size-background-worker=32768"
    "memorysetup-temp-allocator-size-job-worker=262144"
    "memorysetup-temp-allocator-size-preload-manager=33554432"
    "memorysetup-temp-allocator-size-nav-mesh-worker=65536"
    "memorysetup-temp-allocator-size-audio-worker=65536"
    "memorysetup-temp-allocator-size-cloud-worker=32768"
    "memorysetup-temp-allocator-size-gi-baking-worker=262144"
    "memorysetup-temp-allocator-size-gfx=262144"
Refreshing native plugins compatible for Editor in 261.49 ms, found 3 plugins.
Preloading 0 native plugins for Editor in 0.00 ms.
Initialize engine version: 2021.3.13f1 (9e7d58001ecf)
[Subsystems] Discovering subsystems at path /Applications/Unity/Hub/Editor/2021.3.13f1/Unity.app/Contents/Resources/UnitySubsystems
[Subsystems] Discovering subsystems at path /Users/fatmaerdogan/Meal-Mayhem/Meal-Mayhem/Assets
GfxDevice: creating device client; threaded=0; jobified=0
Color LCD preferred device: AMD Radeon Pro 555X (high power)
Metal devices available: 2
0: AMD Radeon Pro 555X (high power)
1: Intel(R) UHD Graphics 630 (low power)
Using device AMD Radeon Pro 555X (high power)
Initializing Metal device caps: AMD Radeon Pro 555X
Initialize mono
Mono path[0] = '/Applications/Unity/Hub/Editor/2021.3.13f1/Unity.app/Contents/Managed'
Mono path[1] = '/Applications/Unity/Hub/Editor/2021.3.13f1/Unity.app/Contents/MonoBleedingEdge/lib/mono/unityjit-macos'
Mono config path = '/Applications/Unity/Hub/Editor/2021.3.13f1/Unity.app/Contents/MonoBleedingEdge/etc'
Using monoOptions --debugger-agent=transport=dt_socket,embedding=1,server=y,suspend=n,address=127.0.0.1:56478
Begin MonoManager ReloadAssembly
Registering precompiled unity dll's ...
Register platform support module: /Applications/Unity/Hub/Editor/2021.3.13f1/Unity.app/Contents/PlaybackEngines/MacStandaloneSupport/UnityEditor.OSXStandalone.Extensions.dll
Register platform support module: /Applications/Unity/Hub/Editor/2021.3.13f1/PlaybackEngines/AndroidPlayer/UnityEditor.Android.Extensions.dll
Register platform support module: /Applications/Unity/Hub/Editor/2021.3.13f1/PlaybackEngines/iOSSupport/UnityEditor.iOS.Extensions.dll
Registered in 0.001825 seconds.
[usbmuxd] Start listen thread
[usbmuxd] Listen thread started
[usbmuxd] Send listen message
Native extension for iOS target not found
2023-07-14 11:09:27.906 Unity[2478:100121] [XcodeApplications] Failed to read NSDictionary from path /Users/fatmaerdogan/Downloads/Xcode.app/Contents/Info.plist
Native extension for Android target not found
Native extension for OSXStandalone target not found
Refreshing native plugins compatible for Editor in 245.69 ms, found 3 plugins.
Preloading 0 native plugins for Editor in 0.00 ms.
Mono: successfully reloaded assembly
- Completed reload, in  1.331 seconds
Domain Reload Profiling:
	ReloadAssembly (1331ms)
		BeginReloadAssembly (99ms)
			ExecutionOrderSort (0ms)
			DisableScriptedObjects (0ms)
			BackupInstance (0ms)
			ReleaseScriptingObjects (0ms)
			CreateAndSetChildDomain (1ms)
		EndReloadAssembly (1047ms)
			LoadAssemblies (98ms)
			RebuildTransferFunctionScriptingTraits (0ms)
			SetupTypeCache (202ms)
			ReleaseScriptCaches (0ms)
			RebuildScriptCaches (57ms)
			SetupLoadedEditorAssemblies (709ms)
				LogAssemblyErrors (0ms)
				InitializePlatformSupportModulesInManaged (235ms)
				SetLoadedEditorAssemblies (1ms)
				RefreshPlugins (246ms)
				BeforeProcessingInitializeOnLoad (2ms)
				ProcessInitializeOnLoadAttributes (153ms)
				ProcessInitializeOnLoadMethodAttributes (72ms)
				AfterProcessingInitializeOnLoad (0ms)
				EditorAssembliesLoaded (0ms)
			ExecutionOrderSort2 (0ms)
			AwakeInstancesAfterBackupRestoration (0ms)
Platform modules already initialized, skipping
Registering precompiled user dll's ...
Registered in 0.007497 seconds.
Begin MonoManager ReloadAssembly
Symbol file LoadedFromMemory doesn't match image /Users/fatmaerdogan/Meal-Mayhem/Meal-Mayhem/Library/PackageCache/com.unity.visualscripting@1.7.8/Editor/VisualScripting.Core/Dependencies/YamlDotNet/Unity.VisualScripting.YamlDotNet.dll
Symbol file LoadedFromMemory doesn't match image /Users/fatmaerdogan/Meal-Mayhem/Meal-Mayhem/Library/PackageCache/com.unity.visualscripting@1.7.8/Editor/VisualScripting.Core/Dependencies/DotNetZip/Unity.VisualScripting.IonicZip.dll
Native extension for iOS target not found
2023-07-14 11:09:32.153 Unity[2478:100121] [XcodeApplications] Failed to read NSDictionary from path /Users/fatmaerdogan/Downloads/Xcode.app/Contents/Info.plist
Native extension for Android target not found
Native extension for OSXStandalone target not found
Refreshing native plugins compatible for Editor in 246.35 ms, found 3 plugins.
Preloading 0 native plugins for Editor in 0.00 ms.
Mono: successfully reloaded assembly
- Completed reload, in  2.767 seconds
Domain Reload Profiling:
	ReloadAssembly (2768ms)
		BeginReloadAssembly (279ms)
			ExecutionOrderSort (0ms)
			DisableScriptedObjects (11ms)
			BackupInstance (0ms)
			ReleaseScriptingObjects (0ms)
			CreateAndSetChildDomain (147ms)
		EndReloadAssembly (2319ms)
			LoadAssemblies (135ms)
			RebuildTransferFunctionScriptingTraits (0ms)
			SetupTypeCache (622ms)
			ReleaseScriptCaches (14ms)
			RebuildScriptCaches (151ms)
			SetupLoadedEditorAssemblies (1281ms)
				LogAssemblyErrors (0ms)
				InitializePlatformSupportModulesInManaged (44ms)
				SetLoadedEditorAssemblies (0ms)
				RefreshPlugins (246ms)
				BeforeProcessingInitializeOnLoad (246ms)
				ProcessInitializeOnLoadAttributes (575ms)
				ProcessInitializeOnLoadMethodAttributes (166ms)
				AfterProcessingInitializeOnLoad (2ms)
				EditorAssembliesLoaded (0ms)
			ExecutionOrderSort2 (0ms)
			AwakeInstancesAfterBackupRestoration (7ms)
Platform modules already initialized, skipping
========================================================================
Worker process is ready to serve import requests
Launching external process: /Applications/Unity/Hub/Editor/2021.3.13f1/Unity.app/Contents/Tools/UnityShaderCompiler
Launched and connected shader compiler UnityShaderCompiler after 0.13 seconds
Refreshing native plugins compatible for Editor in 1.73 ms, found 3 plugins.
Preloading 0 native plugins for Editor in 0.00 ms.
Unloading 7193 Unused Serialized files (Serialized files now loaded: 0)
Unloading 46 unused Assets / (0.7 MB). Loaded Objects now: 7645.
Memory consumption went from 227.0 MB to 226.3 MB.
Total: 6.963024 ms (FindLiveObjects: 0.669129 ms CreateObjectMapping: 0.672696 ms MarkObjects: 5.043392 ms  DeleteObjects: 0.576428 ms)

AssetImportParameters requested are different than current active one (requested -> active):
  custom:video-decoder-ogg-theora: a1e56fd34408186e4bbccfd4996cb3dc -> 
  custom:container-muxer-webm: aa71ff27fc2769a1b78a27578f13a17b -> 
  custom:container-demuxer-webm: 4f35f7cbe854078d1ac9338744f61a02 -> 
  custom:video-encoder-webm-vp8: eb34c28f22e8b96e1ab97ce403110664 -> 
  custom:framework-osx-AVFoundation: e770b220cccbd017edd2c1fefb359320 -> 
  custom:audio-encoder-webm-vorbis: bf7c407c2cedff20999df2af8eb42d56 -> 
  custom:container-demuxer-ogg: 62fdf1f143b41e24485cea50d1cbac27 -> 
  custom:video-decoder-webm-vp8: 9c59270c3fd7afecdb556c50c9e8de78 -> 
  custom:audio-decoder-ogg-vorbis: bf7c407c2cedff20999df2af8eb42d56 -> 
========================================================================
Received Prepare
Registering precompiled user dll's ...
Registered in 0.007077 seconds.
Begin MonoManager ReloadAssembly
Symbol file LoadedFromMemory doesn't match image /Users/fatmaerdogan/Meal-Mayhem/Meal-Mayhem/Library/PackageCache/com.unity.visualscripting@1.7.8/Editor/VisualScripting.Core/Dependencies/YamlDotNet/Unity.VisualScripting.YamlDotNet.dll
Symbol file LoadedFromMemory doesn't match image /Users/fatmaerdogan/Meal-Mayhem/Meal-Mayhem/Library/PackageCache/com.unity.visualscripting@1.7.8/Editor/VisualScripting.Core/Dependencies/DotNetZip/Unity.VisualScripting.IonicZip.dll
Native extension for iOS target not found
2023-07-14 11:09:42.421 Unity[2478:100121] [XcodeApplications] Failed to read NSDictionary from path /Users/fatmaerdogan/Downloads/Xcode.app/Contents/Info.plist
Native extension for Android target not found
Native extension for OSXStandalone target not found
Refreshing native plugins compatible for Editor in 1.70 ms, found 3 plugins.
Preloading 0 native plugins for Editor in 0.00 ms.
Mono: successfully reloaded assembly
- Completed reload, in  2.078 seconds
Domain Reload Profiling:
	ReloadAssembly (2079ms)
		BeginReloadAssembly (221ms)
			ExecutionOrderSort (0ms)
			DisableScriptedObjects (9ms)
			BackupInstance (0ms)
			ReleaseScriptingObjects (0ms)
			CreateAndSetChildDomain (99ms)
		EndReloadAssembly (1689ms)
			LoadAssemblies (134ms)
			RebuildTransferFunctionScriptingTraits (0ms)
			SetupTypeCache (574ms)
			ReleaseScriptCaches (2ms)
			RebuildScriptCaches (99ms)
			SetupLoadedEditorAssemblies (793ms)
				LogAssemblyErrors (0ms)
				InitializePlatformSupportModulesInManaged (44ms)
				SetLoadedEditorAssemblies (1ms)
				RefreshPlugins (2ms)
				BeforeProcessingInitializeOnLoad (158ms)
				ProcessInitializeOnLoadAttributes (437ms)
				ProcessInitializeOnLoadMethodAttributes (149ms)
				AfterProcessingInitializeOnLoad (3ms)
				EditorAssembliesLoaded (0ms)
			ExecutionOrderSort2 (0ms)
			AwakeInstancesAfterBackupRestoration (10ms)
Platform modules already initialized, skipping
Refreshing native plugins compatible for Editor in 3.82 ms, found 3 plugins.
Preloading 0 native plugins for Editor in 0.00 ms.
Unloading 7043 Unused Serialized files (Serialized files now loaded: 0)
Unloading 39 unused Assets / (0.7 MB). Loaded Objects now: 7646.
Memory consumption went from 220.4 MB to 219.7 MB.
Total: 6.307232 ms (FindLiveObjects: 0.630820 ms CreateObjectMapping: 0.633188 ms MarkObjects: 4.570400 ms  DeleteObjects: 0.471659 ms)

AssetImportParameters requested are different than current active one (requested -> active):
  custom:video-decoder-ogg-theora: a1e56fd34408186e4bbccfd4996cb3dc -> 
  custom:container-muxer-webm: aa71ff27fc2769a1b78a27578f13a17b -> 
  custom:container-demuxer-webm: 4f35f7cbe854078d1ac9338744f61a02 -> 
  custom:video-encoder-webm-vp8: eb34c28f22e8b96e1ab97ce403110664 -> 
  custom:framework-osx-AVFoundation: e770b220cccbd017edd2c1fefb359320 -> 
  custom:audio-encoder-webm-vorbis: bf7c407c2cedff20999df2af8eb42d56 -> 
  custom:container-demuxer-ogg: 62fdf1f143b41e24485cea50d1cbac27 -> 
  custom:video-decoder-webm-vp8: 9c59270c3fd7afecdb556c50c9e8de78 -> 
  custom:audio-decoder-ogg-vorbis: bf7c407c2cedff20999df2af8eb42d56 -> 
========================================================================
Received Import Request.
  Time since last request: 9090.151023 seconds.
  path: Assets/_Game/Sprites/Default (128px)/strong_language.png
  artifactKey: Guid(16fc53d015f0f49ea9592b6adbf3bccd) Importer(815301076,1909f56bfc062723c751e8b465ee728b)
Start importing Assets/_Game/Sprites/Default (128px)/strong_language.png using Guid(16fc53d015f0f49ea9592b6adbf3bccd) Importer(815301076,1909f56bfc062723c751e8b465ee728b)  -> (artifact id: 'beb8f1633679d0ebc394df48d25a47c0') in 1.432525 seconds 
========================================================================
Received Import Request.
  Time since last request: 0.000124 seconds.
  path: Assets/_Game/Sprites/Default (128px)/strong_language_text.png
  artifactKey: Guid(1b891dfe1a46f493cb6977c5c0fc2fd8) Importer(815301076,1909f56bfc062723c751e8b465ee728b)
Start importing Assets/_Game/Sprites/Default (128px)/strong_language_text.png using Guid(1b891dfe1a46f493cb6977c5c0fc2fd8) Importer(815301076,1909f56bfc062723c751e8b465ee728b)  -> (artifact id: '3a05c33f2f3f5f6ab73926a591a06b38') in 0.013634 seconds 
========================================================================
Received Import Request.
  Time since last request: 0.000134 seconds.
  path: Assets/_Game/Sprites/Default (128px)/teams_text.png
  artifactKey: Guid(042dd1daa35df4dcc9c84100baaafdc4) Importer(815301076,1909f56bfc062723c751e8b465ee728b)
Start importing Assets/_Game/Sprites/Default (128px)/teams_text.png using Guid(042dd1daa35df4dcc9c84100baaafdc4) Importer(815301076,1909f56bfc062723c751e8b465ee728b)  -> (artifact id: 'a1845125c46a847f9722f7e7a7b06167') in 0.073854 seconds 
========================================================================
Received Import Request.
  Time since last request: 1.936487 seconds.
  path: Assets/_Game/Sprites/Default (128px)/puzzle_text.png
  artifactKey: Guid(2356ddc0de3364951a0e46202291c345) Importer(815301076,1909f56bfc062723c751e8b465ee728b)
Start importing Assets/_Game/Sprites/Default (128px)/puzzle_text.png using Guid(2356ddc0de3364951a0e46202291c345) Importer(815301076,1909f56bfc062723c751e8b465ee728b)  -> (artifact id: '0e0175f9c4f00a23a03e338fecfb6be7') in 0.016250 seconds 
========================================================================
Received Import Request.
  Time since last request: 0.000100 seconds.
  path: Assets/_Game/Sprites/Default (128px)/stopwatch.png
  artifactKey: Guid(61c678cef8eb444bf83c1f1743f27281) Importer(815301076,1909f56bfc062723c751e8b465ee728b)
Start importing Assets/_Game/Sprites/Default (128px)/stopwatch.png using Guid(61c678cef8eb444bf83c1f1743f27281) Importer(815301076,1909f56bfc062723c751e8b465ee728b)  -> (artifact id: 'fdde801ec39d8c549bf72a939e3b197a') in 0.013772 seconds 
========================================================================
Received Import Request.
  Time since last request: 0.566682 seconds.
  path: Assets/_Game/Sprites/Default (128px)/players_2_8.png
  artifactKey: Guid(050e4d7fb48b842c39042e678ab1d9ab) Importer(815301076,1909f56bfc062723c751e8b465ee728b)
Start importing Assets/_Game/Sprites/Default (128px)/players_2_8.png using Guid(050e4d7fb48b842c39042e678ab1d9ab) Importer(815301076,1909f56bfc062723c751e8b465ee728b)  -> (artifact id: '0c9ca1559547e710a5e059882a3d1cb3') in 0.019707 seconds 
========================================================================
Received Import Request.
  Time since last request: 0.000139 seconds.
  path: Assets/_Game/Sprites/Default (128px)/players_2_9.png
  artifactKey: Guid(851f6c33469c04fa38ae87ad14251b7d) Importer(815301076,1909f56bfc062723c751e8b465ee728b)
Start importing Assets/_Game/Sprites/Default (128px)/players_2_9.png using Guid(851f6c33469c04fa38ae87ad14251b7d) Importer(815301076,1909f56bfc062723c751e8b465ee728b)  -> (artifact id: '514a89aaa1a8da836b14b2bd1c766802') in 0.008511 seconds 
========================================================================
Received Import Request.
  Time since last request: 1.857996 seconds.
  path: Assets/_Game/Sprites/Default (128px)/players_2_5.png
  artifactKey: Guid(40c331f8a8a3a4169a5001c68af77272) Importer(815301076,1909f56bfc062723c751e8b465ee728b)
Start importing Assets/_Game/Sprites/Default (128px)/players_2_5.png using Guid(40c331f8a8a3a4169a5001c68af77272) Importer(815301076,1909f56bfc062723c751e8b465ee728b)  -> (artifact id: 'be1212a2f721a3b1655cdba65c8daafb') in 0.018191 seconds 
========================================================================
Received Import Request.
  Time since last request: 0.944081 seconds.
  path: Assets/_Game/Sprites/Default (128px)/players_1_10.png
  artifactKey: Guid(1674c86c44d954c65ad8d4ab53fbd7a1) Importer(815301076,1909f56bfc062723c751e8b465ee728b)
Start importing Assets/_Game/Sprites/Default (128px)/players_1_10.png using Guid(1674c86c44d954c65ad8d4ab53fbd7a1) Importer(815301076,1909f56bfc062723c751e8b465ee728b)  -> (artifact id: '0827a81c1edbbbff2e64b990e198ee3d') in 0.016541 seconds 
========================================================================
Received Import Request.
  Time since last request: 0.043138 seconds.
  path: Assets/_Game/Sprites/Default (128px)/players_1_7.png
  artifactKey: Guid(c343cb4ef98c14ba6ba7ada723087df4) Importer(815301076,1909f56bfc062723c751e8b465ee728b)
Start importing Assets/_Game/Sprites/Default (128px)/players_1_7.png using Guid(c343cb4ef98c14ba6ba7ada723087df4) Importer(815301076,1909f56bfc062723c751e8b465ee728b)  -> (artifact id: '00d42d02a98f87861752101a9e612ea4') in 0.011118 seconds 
========================================================================
Received Import Request.
  Time since last request: 0.408366 seconds.
  path: Assets/_Game/Sprites/Default (128px)/players_1_4.png
  artifactKey: Guid(e249c88edcb424266976b9e51c26e18f) Importer(815301076,1909f56bfc062723c751e8b465ee728b)
Start importing Assets/_Game/Sprites/Default (128px)/players_1_4.png using Guid(e249c88edcb424266976b9e51c26e18f) Importer(815301076,1909f56bfc062723c751e8b465ee728b)  -> (artifact id: '4bc805da1ba986dfea7ab589b2f03981') in 0.019787 seconds 
========================================================================
Received Import Request.
  Time since last request: 0.000187 seconds.
  path: Assets/_Game/Sprites/Default (128px)/players_1_2.png
  artifactKey: Guid(757e5f962182b4cbb98eb6a8aeb5ca0a) Importer(815301076,1909f56bfc062723c751e8b465ee728b)
Start importing Assets/_Game/Sprites/Default (128px)/players_1_2.png using Guid(757e5f962182b4cbb98eb6a8aeb5ca0a) Importer(815301076,1909f56bfc062723c751e8b465ee728b)  -> (artifact id: '3257570b26856a0a9e106c5cc0ea91ac') in 0.015216 seconds 
========================================================================
Received Import Request.
  Time since last request: 0.000120 seconds.
  path: Assets/_Game/Sprites/Default (128px)/players_1.png
  artifactKey: Guid(329b830118ec84dbbb2c6b8fce0694c4) Importer(815301076,1909f56bfc062723c751e8b465ee728b)
Start importing Assets/_Game/Sprites/Default (128px)/players_1.png using Guid(329b830118ec84dbbb2c6b8fce0694c4) Importer(815301076,1909f56bfc062723c751e8b465ee728b)  -> (artifact id: '2b9dd9749ea833cd5d8949f4922b41ea') in 0.013731 seconds 
========================================================================
Received Import Request.
  Time since last request: 0.416530 seconds.
  path: Assets/_Game/Sprites/Default (128px)/miniatures_text.png
  artifactKey: Guid(ec5f7fcee40434a08a0859afd2a6b3f0) Importer(815301076,1909f56bfc062723c751e8b465ee728b)
Start importing Assets/_Game/Sprites/Default (128px)/miniatures_text.png using Guid(ec5f7fcee40434a08a0859afd2a6b3f0) Importer(815301076,1909f56bfc062723c751e8b465ee728b)  -> (artifact id: '0a58a8c2dc2c98cfa438eca25968a47b') in 0.016823 seconds 
========================================================================
Received Import Request.
  Time since last request: 0.000141 seconds.
  path: Assets/_Game/Sprites/Default (128px)/pen_paper.png
  artifactKey: Guid(33eb7ffb596d4427a9560dab1a2d92d3) Importer(815301076,1909f56bfc062723c751e8b465ee728b)
Start importing Assets/_Game/Sprites/Default (128px)/pen_paper.png using Guid(33eb7ffb596d4427a9560dab1a2d92d3) Importer(815301076,1909f56bfc062723c751e8b465ee728b)  -> (artifact id: 'c9255455277a7dd367f7538ef55c4d30') in 0.012626 seconds 
========================================================================
Received Import Request.
  Time since last request: 1.438429 seconds.
  path: Assets/_Game/Sprites/Default (128px)/medium_text.png
  artifactKey: Guid(76a5ea455bb824172b2f3ef719078f01) Importer(815301076,1909f56bfc062723c751e8b465ee728b)
Start importing Assets/_Game/Sprites/Default (128px)/medium_text.png using Guid(76a5ea455bb824172b2f3ef719078f01) Importer(815301076,1909f56bfc062723c751e8b465ee728b)  -> (artifact id: 'ea39fc897f5547fb7e6767ef883fe44c') in 0.016576 seconds 
========================================================================
Received Import Request.
  Time since last request: 3.213403 seconds.
  path: Assets/_Game/Sprites/Default (128px)/medium_heavy_text.png
  artifactKey: Guid(fae1c0561f8514d7abc6ea1adb7ccaed) Importer(815301076,1909f56bfc062723c751e8b465ee728b)
Start importing Assets/_Game/Sprites/Default (128px)/medium_heavy_text.png using Guid(fae1c0561f8514d7abc6ea1adb7ccaed) Importer(815301076,1909f56bfc062723c751e8b465ee728b)  -> (artifact id: 'f3b3bcc610a99fe9cc15ab441e71532d') in 0.019888 seconds 
========================================================================
Received Import Request.
  Time since last request: 0.476122 seconds.
  path: Assets/_Game/Sprites/Default (128px)/luck_text.png
  artifactKey: Guid(104632e13eca74782b8115220760a003) Importer(815301076,1909f56bfc062723c751e8b465ee728b)
Start importing Assets/_Game/Sprites/Default (128px)/luck_text.png using Guid(104632e13eca74782b8115220760a003) Importer(815301076,1909f56bfc062723c751e8b465ee728b)  -> (artifact id: '78316c7cc088b5aedb5814653775ce21') in 0.019748 seconds 
========================================================================
Received Import Request.
  Time since last request: 0.000103 seconds.
  path: Assets/_Game/Sprites/Default (128px)/knowledge.png
  artifactKey: Guid(56d0966750fae4bdd961e24f7dbbc1c9) Importer(815301076,1909f56bfc062723c751e8b465ee728b)
Start importing Assets/_Game/Sprites/Default (128px)/knowledge.png using Guid(56d0966750fae4bdd961e24f7dbbc1c9) Importer(815301076,1909f56bfc062723c751e8b465ee728b)  -> (artifact id: '95a176bad1ebc572483090d96bae079c') in 0.010747 seconds 
========================================================================
Received Import Request.
  Time since last request: 0.473422 seconds.
  path: Assets/_Game/Sprites/Default (128px)/interaction_text.png
  artifactKey: Guid(e3fa7c516d2d64458a08aeb00b87dc55) Importer(815301076,1909f56bfc062723c751e8b465ee728b)
Start importing Assets/_Game/Sprites/Default (128px)/interaction_text.png using Guid(e3fa7c516d2d64458a08aeb00b87dc55) Importer(815301076,1909f56bfc062723c751e8b465ee728b)  -> (artifact id: '2d3c26a18c2812e845f86484680b337d') in 0.019275 seconds 
========================================================================
Received Import Request.
  Time since last request: 0.042902 seconds.
  path: Assets/_Game/Sprites/Default (128px)/heavy_text.png
  artifactKey: Guid(091a8371399d44cd5ac0de790f566f93) Importer(815301076,1909f56bfc062723c751e8b465ee728b)
Start importing Assets/_Game/Sprites/Default (128px)/heavy_text.png using Guid(091a8371399d44cd5ac0de790f566f93) Importer(815301076,1909f56bfc062723c751e8b465ee728b)  -> (artifact id: 'db0edbe383218443f07139cb4b0cea74') in 0.012242 seconds 
========================================================================
Received Import Request.
  Time since last request: 0.905886 seconds.
  path: Assets/_Game/Sprites/Default (128px)/duration_90.png
  artifactKey: Guid(cd86881d00dcd404eb8ea78254d2f3d5) Importer(815301076,1909f56bfc062723c751e8b465ee728b)
Start importing Assets/_Game/Sprites/Default (128px)/duration_90.png using Guid(cd86881d00dcd404eb8ea78254d2f3d5) Importer(815301076,1909f56bfc062723c751e8b465ee728b)  -> (artifact id: '40a1f060174cb81c5f07ff2134dd79a3') in 0.016433 seconds 
========================================================================
Received Import Request.
  Time since last request: 0.058041 seconds.
  path: Assets/_Game/Sprites/Default (128px)/duration_45_60.png
  artifactKey: Guid(1c946a81ca87a498e863c7201b4c2a0e) Importer(815301076,1909f56bfc062723c751e8b465ee728b)
Start importing Assets/_Game/Sprites/Default (128px)/duration_45_60.png using Guid(1c946a81ca87a498e863c7201b4c2a0e) Importer(815301076,1909f56bfc062723c751e8b465ee728b)  -> (artifact id: '12e24ef545add88d0d334709650b7f46') in 0.012376 seconds 
========================================================================
Received Import Request.
  Time since last request: 0.380516 seconds.
  path: Assets/_Game/Sprites/Default (128px)/duration_20.png
  artifactKey: Guid(84aca9e0f79c44413bce90a4a4d988d2) Importer(815301076,1909f56bfc062723c751e8b465ee728b)
Start importing Assets/_Game/Sprites/Default (128px)/duration_20.png using Guid(84aca9e0f79c44413bce90a4a4d988d2) Importer(815301076,1909f56bfc062723c751e8b465ee728b)  -> (artifact id: '31b015d98e63254c767702d5f93fb93d') in 0.016924 seconds 
========================================================================
Received Import Request.
  Time since last request: 0.057349 seconds.
  path: Assets/_Game/Sprites/Default (128px)/duration_10.png
  artifactKey: Guid(0f80a8044300c47f19f8bfeb88fe2f82) Importer(815301076,1909f56bfc062723c751e8b465ee728b)
Start importing Assets/_Game/Sprites/Default (128px)/duration_10.png using Guid(0f80a8044300c47f19f8bfeb88fe2f82) Importer(815301076,1909f56bfc062723c751e8b465ee728b)  -> (artifact id: '9044611383a51b117c5f0d88c04e9e62') in 0.012836 seconds 
========================================================================
Received Import Request.
  Time since last request: 0.368349 seconds.
  path: Assets/_Game/Sprites/Default (128px)/choking_hazard_age_text.png
  artifactKey: Guid(9d1c017ec2f874c89a9d5477b742830f) Importer(815301076,1909f56bfc062723c751e8b465ee728b)
Start importing Assets/_Game/Sprites/Default (128px)/choking_hazard_age_text.png using Guid(9d1c017ec2f874c89a9d5477b742830f) Importer(815301076,1909f56bfc062723c751e8b465ee728b)  -> (artifact id: '55b41cec11896702202d28387ce8a708') in 0.019802 seconds 
========================================================================
Received Import Request.
  Time since last request: 1.030109 seconds.
  path: Assets/_Game/Sprites/Default (128px)/blank.png
  artifactKey: Guid(bcd47906185b648e58e94bb4741ac9e3) Importer(815301076,1909f56bfc062723c751e8b465ee728b)
Start importing Assets/_Game/Sprites/Default (128px)/blank.png using Guid(bcd47906185b648e58e94bb4741ac9e3) Importer(815301076,1909f56bfc062723c751e8b465ee728b)  -> (artifact id: '2950b90084655c757b5c7067da43a4dc') in 0.033748 seconds 
========================================================================
Received Import Request.
  Time since last request: 1.014396 seconds.
  path: Assets/_Game/Sprites/Default (128px)/ages_17.png
  artifactKey: Guid(7774f20f7b4fe45668e1f2ebca230dfe) Importer(815301076,1909f56bfc062723c751e8b465ee728b)
Start importing Assets/_Game/Sprites/Default (128px)/ages_17.png using Guid(7774f20f7b4fe45668e1f2ebca230dfe) Importer(815301076,1909f56bfc062723c751e8b465ee728b)  -> (artifact id: '445e9a418e52278422e0d476c82edd30') in 0.016685 seconds 
========================================================================
Received Import Request.
  Time since last request: 0.633314 seconds.
  path: Assets/_Game/Sprites/Default (128px)/ages_7.png
  artifactKey: Guid(30bcd81707f684375bde22a7cccec658) Importer(815301076,1909f56bfc062723c751e8b465ee728b)
Start importing Assets/_Game/Sprites/Default (128px)/ages_7.png using Guid(30bcd81707f684375bde22a7cccec658) Importer(815301076,1909f56bfc062723c751e8b465ee728b)  -> (artifact id: '25711eccfdff3487079ed03ec1bc0189') in 0.016023 seconds 
Editor requested this worker to shutdown with reason: Scaling down because of idle timeout
AssetImportWorker is now disconnected from the server
Process exiting
